<?xml version="1.0" encoding="utf-8"?><testsuites name="pytest tests"><testsuite name="pytest" errors="0" failures="1" skipped="0" tests="48" time="6.677" timestamp="2026-08-11T10:44:34.240274+00:00" hostname="agent-env-efdc2817-0387-4c07-9597-d4df76ed4aa4"><testcase classname="tests.backend_test.TestEmployees" name="test_requires_auth" time="0.424" /><testcase classname="tests.backend_test.TestAuth" name="test_admin_login_sets_httponly_cookies" time="0.425" /><testcase classname="tests.backend_test.TestAuth" name="test_viewer_login" time="0.587" /><testcase classname="tests.backend_test.TestEmployees" name="test_list_employees_enriched" time="0.596" /><testcase classname="tests.backend_test.TestAuth" name="test_login_case_insensitive_email" time="0.406" /><testcase classname="tests.backend_test.TestEmployees" name="test_create_and_persist" time="0.503" /><testcase classname="tests.backend_test.TestAuth" name="test_login_wrong_password" time="0.390" /><testcase classname="tests.backend_test.TestEmployees" name="test_tenure_calculation" time="0.435" /><testcase classname="tests.backend_test.TestAuth" name="test_login_unknown_user" time="0.099" /><testcase classname="tests.backend_test.TestAuth" name="test_login_invalid_email_format" time="0.095" /><testcase classname="tests.backend_test.TestAuth" name="test_me_requires_auth" time="0.165" /><testcase classname="tests.backend_test.TestEmployees" name="test_duplicate_nrp_rejected" time="0.524" /><testcase classname="tests.backend_test.TestAuth" name="test_me_returns_user" time="0.393" /><testcase classname="tests.backend_test.TestEmployees" name="test_invalid_status_rejected" time="0.049" /><testcase classname="tests.backend_test.TestEmployees" name="test_missing_required_field" time="0.050" /><testcase classname="tests.backend_test.TestAuth" name="test_refresh_flow" time="0.437" /><testcase classname="tests.backend_test.TestEmployees" name="test_update_and_persist" time="0.507" /><testcase classname="tests.backend_test.TestAuth" name="test_refresh_without_cookie" time="0.095" /><testcase classname="tests.backend_test.TestAuth" name="test_logout" time="0.432" /><testcase classname="tests.backend_test.TestEmployees" name="test_update_missing_404" time="0.473" /><testcase classname="tests.backend_test.TestAuth" name="test_invalid_token_rejected" time="0.136" /><testcase classname="tests.backend_test.TestEmployees" name="test_get_missing_404" time="0.062" /><testcase classname="tests.backend_test.TestEmployees" name="test_delete_removes_employee_and_movements" time="0.243" /><testcase classname="tests.backend_test.TestAuth" name="test_brute_force_lockout" time="0.718"><failure message="AssertionError: No lockout enforced; codes=[401, 401, 401, 401, 401, 401]&#10;assert (423 in [401, 401, 401, 401, 401, 401] or 429 in [401, 401, 401, 401, 401, 401])">tests/backend_test.py:101: in test_brute_force_lockout
    assert 423 in codes or 429 in codes, f"No lockout enforced; codes={codes}"
E   AssertionError: No lockout enforced; codes=[401, 401, 401, 401, 401, 401]
E   assert (423 in [401, 401, 401, 401, 401, 401] or 429 in [401, 401, 401, 401, 401, 401])</failure></testcase><testcase classname="tests.backend_test.TestEmployees" name="test_delete_missing_404" time="0.048" /><testcase classname="tests.backend_test.TestWorkUnits" name="test_list_units_with_counts" time="0.049" /><testcase classname="tests.backend_test.TestWorkUnits" name="test_unit_counts_match_employees" time="0.100" /><testcase classname="tests.backend_test.TestWorkUnits" name="test_crud_work_unit" time="0.334" /><testcase classname="tests.backend_test.TestWorkUnits" name="test_delete_unit_with_employees_blocked" time="0.105" /><testcase classname="tests.backend_test.TestMovements" name="test_requires_auth" time="0.039" /><testcase classname="tests.backend_test.TestMovements" name="test_list_sorted_desc" time="0.042" /><testcase classname="tests.backend_test.TestWorkUnits" name="test_update_missing_unit_404" time="0.050" /><testcase classname="tests.backend_test.TestWorkUnits" name="test_delete_missing_unit_404" time="0.091" /><testcase classname="tests.backend_test.TestMovements" name="test_create_movement_applies_to_employee" time="0.859" /><testcase classname="tests.backend_test.TestRBAC" name="test_viewer_can_read" time="0.489" /><testcase classname="tests.backend_test.TestRBAC" name="test_viewer_cannot_write_employees" time="0.162" /><testcase classname="tests.backend_test.TestRBAC" name="test_viewer_cannot_write_movements" time="0.199" /><testcase classname="tests.backend_test.TestMovements" name="test_create_movement_without_apply" time="0.284" /><testcase classname="tests.backend_test.TestRBAC" name="test_viewer_cannot_write_units" time="0.245" /><testcase classname="tests.backend_test.TestMovements" name="test_invalid_type_rejected" time="0.295" /><testcase classname="tests.backend_test.TestRBAC" name="test_anon_cannot_write" time="0.040" /><testcase classname="tests.backend_test.TestDashboard" name="test_requires_auth" time="0.040" /><testcase classname="tests.backend_test.TestDashboard" name="test_stats_shape" time="0.050" /><testcase classname="tests.backend_test.TestDashboard" name="test_viewer_can_read_stats" time="0.041" /><testcase classname="tests.backend_test.TestHealth" name="test_root" time="0.081" /><testcase classname="tests.backend_test.TestMovements" name="test_unknown_employee_404" time="0.041" /><testcase classname="tests.backend_test.TestMovements" name="test_update_missing_404" time="0.081" /><testcase classname="tests.backend_test.TestMovements" name="test_delete_missing_404" time="0.042" /></testsuite></testsuites>